<?xml version="1.0" encoding="UTF-8"?>
<!-- Generated by org.testng.reporters.JUnitReportReporter -->
<testsuite hostname="LAPTOP-HK02CU6G" failures="0" tests="1" name="Actionclass.VerifyallaccountOptionsVisible" time="11.957" errors="0" timestamp="2022-12-13T12:19:34 IST" skipped="0">
  <testcase classname="Actionclass.VerifyallaccountOptionsVisible" name="f" time="11.957"/>
  <system-out/>
</testsuite> <!-- Actionclass.VerifyallaccountOptionsVisible -->
