<?xml version="1.0" encoding="UTF-8"?>
<!-- Generated by org.testng.reporters.JUnitReportReporter -->
<testsuite hostname="LAPTOP-HK02CU6G" failures="0" tests="1" name="Actionclass.VerifyFooterSectionlinksVisibleandenable" time="26.833" errors="0" timestamp="2022-12-03T20:18:16 IST" skipped="0">
  <testcase classname="Actionclass.VerifyFooterSectionlinksVisibleandenable" name="VerifyFooterSectionlinksVisibleandenable1" time="26.833"/>
  <system-out/>
</testsuite> <!-- Actionclass.VerifyFooterSectionlinksVisibleandenable -->
