<?xml version="1.0" encoding="UTF-8"?>
<!-- Generated by org.testng.reporters.JUnitReportReporter -->
<testsuite hostname="LAPTOP-HK02CU6G" failures="0" tests="1" name="Actionclass.WindowsPopupHandling" time="11.802" errors="0" timestamp="2022-12-13T12:07:09 IST" skipped="0">
  <testcase classname="Actionclass.WindowsPopupHandling" name="PopupHandling" time="11.802"/>
  <system-out/>
</testsuite> <!-- Actionclass.WindowsPopupHandling -->
