<?xml version="1.0" encoding="UTF-8"?>
<!-- Generated by org.testng.reporters.JUnitReportReporter -->
<testsuite hostname="LAPTOP-HK02CU6G" failures="0" tests="1" name="Actionclass.A4" time="37.610" errors="0" timestamp="2022-12-02T19:03:46 IST" skipped="0">
  <testcase classname="Actionclass.A4" name="f" time="37.610"/>
  <system-out/>
</testsuite> <!-- Actionclass.A4 -->
