<?xml version="1.0" encoding="UTF-8"?>
<!-- Generated by org.testng.reporters.JUnitReportReporter -->
<testsuite hostname="LAPTOP-HK02CU6G" failures="0" tests="1" name="Actionclass.VerifyingTitlewithAsserts" time="24.895" errors="0" timestamp="2022-12-13T12:29:30 IST" skipped="0">
  <testcase classname="Actionclass.VerifyingTitlewithAsserts" name="VerifyingTitle" time="24.895"/>
  <system-out/>
</testsuite> <!-- Actionclass.VerifyingTitlewithAsserts -->
