<?xml version="1.0" encoding="UTF-8"?>
<!-- Generated by org.testng.reporters.JUnitReportReporter -->
<testsuite hostname="LAPTOP-HK02CU6G" failures="0" tests="1" name="helper.java.Helperclass" time="0.011" errors="1" timestamp="2022-11-22T00:29:02 IST" skipped="0">
  <testcase classname="helper.java.Helperclass" name="testDragNDropFeatures" time="0.011">
    <error message="Unresolved compilation problems: 
	Syntax error on tokens, ( expected instead
	The left-hand side of an assignment must be a variable
	Syntax error, insert &quot;)&quot; to complete Expression
	Syntax error, insert &quot;AssignmentOperator Expression&quot; to complete Assignment
	Syntax error, insert &quot;;&quot; to complete Statement
	Syntax error, insert &quot;VariableDeclarators&quot; to complete LocalVariableDeclaration
	Syntax error, insert &quot;;&quot; to complete LocalVariableDeclarationStatement
	void is an invalid type for the variable $missing$
	Syntax error on tokens, delete these tokens
	Duplicate local variable source
	Duplicate local variable destination
	Duplicate local variable action
	The method dragAndDrop(WebElement, WebElement) in the type Actions is not applicable for the arguments (WebElement, int, int)
	Syntax error, insert &quot;;&quot; to complete Statement
	Duplicate local variable text
	String literal is not properly closed by a double-quote
	String literal is not properly closed by a double-quote
	Syntax error, insert &quot;)&quot; to complete MethodInvocation
	Syntax error, insert &quot;)&quot; to complete Expression
	Syntax error on tokens, ( expected instead
	Syntax error, insert &quot;)&quot; to complete Expression
	Syntax error, insert &quot;AssignmentOperator Expression&quot; to complete Assignment
	Syntax error, insert &quot;;&quot; to complete Statement
	Syntax error, insert &quot;VariableDeclarators&quot; to complete LocalVariableDeclaration
	Syntax error, insert &quot;;&quot; to complete LocalVariableDeclarationStatement
	Syntax error on tokens, delete these tokens
	Syntax error, insert &quot;)&quot; to complete MethodInvocation
	Syntax error, insert &quot;)&quot; to complete Expression
" type="java.lang.Error">
      <![CDATA[java.lang.Error: Unresolved compilation problems: 
Syntax error on tokens, ( expected instead
The left-hand side of an assignment must be a variable
Syntax error, insert ")" to complete Expression
Syntax error, insert "AssignmentOperator Expression" to complete Assignment
Syntax error, insert ";" to complete Statement
Syntax error, insert "VariableDeclarators" to complete LocalVariableDeclaration
Syntax error, insert ";" to complete LocalVariableDeclarationStatement
void is an invalid type for the variable $missing$
Syntax error on tokens, delete these tokens
Duplicate local variable source
Duplicate local variable destination
Duplicate local variable action
The method dragAndDrop(WebElement, WebElement) in the type Actions is not applicable for the arguments (WebElement, int, int)
Syntax error, insert ";" to complete Statement
Duplicate local variable text
String literal is not properly closed by a double-quote
String literal is not properly closed by a double-quote
Syntax error, insert ")" to complete MethodInvocation
Syntax error, insert ")" to complete Expression
Syntax error on tokens, ( expected instead
Syntax error, insert ")" to complete Expression
Syntax error, insert "AssignmentOperator Expression" to complete Assignment
Syntax error, insert ";" to complete Statement
Syntax error, insert "VariableDeclarators" to complete LocalVariableDeclaration
Syntax error, insert ";" to complete LocalVariableDeclarationStatement
Syntax error on tokens, delete these tokens
Syntax error, insert ")" to complete MethodInvocation
Syntax error, insert ")" to complete Expression

at helper.java.Helperclass.testDragNDropFeatures(Helperclass.java:32)
at java.base/jdk.internal.reflect.NativeMethodAccessorImpl.invoke0(Native Method)
at java.base/jdk.internal.reflect.NativeMethodAccessorImpl.invoke(NativeMethodAccessorImpl.java:77)
at java.base/jdk.internal.reflect.DelegatingMethodAccessorImpl.invoke(DelegatingMethodAccessorImpl.java:43)
at java.base/java.lang.reflect.Method.invoke(Method.java:568)
at org.testng.internal.invokers.MethodInvocationHelper.invokeMethod(MethodInvocationHelper.java:139)
at org.testng.internal.invokers.TestInvoker.invokeMethod(TestInvoker.java:677)
at org.testng.internal.invokers.TestInvoker.invokeTestMethod(TestInvoker.java:221)
at org.testng.internal.invokers.MethodRunner.runInSequence(MethodRunner.java:50)
at org.testng.internal.invokers.TestInvoker$MethodInvocationAgent.invoke(TestInvoker.java:962)
at org.testng.internal.invokers.TestInvoker.invokeTestMethods(TestInvoker.java:194)
at org.testng.internal.invokers.TestMethodWorker.invokeTestMethods(TestMethodWorker.java:148)
at org.testng.internal.invokers.TestMethodWorker.run(TestMethodWorker.java:128)
at java.base/java.util.ArrayList.forEach(ArrayList.java:1511)
at org.testng.TestRunner.privateRun(TestRunner.java:806)
at org.testng.TestRunner.run(TestRunner.java:601)
at org.testng.SuiteRunner.runTest(SuiteRunner.java:433)
at org.testng.SuiteRunner.runSequentially(SuiteRunner.java:427)
at org.testng.SuiteRunner.privateRun(SuiteRunner.java:387)
at org.testng.SuiteRunner.run(SuiteRunner.java:330)
at org.testng.SuiteRunnerWorker.runSuite(SuiteRunnerWorker.java:52)
at org.testng.SuiteRunnerWorker.run(SuiteRunnerWorker.java:95)
at org.testng.TestNG.runSuitesSequentially(TestNG.java:1256)
at org.testng.TestNG.runSuitesLocally(TestNG.java:1176)
at org.testng.TestNG.runSuites(TestNG.java:1099)
at org.testng.TestNG.run(TestNG.java:1067)
at org.testng.remote.AbstractRemoteTestNG.run(AbstractRemoteTestNG.java:115)
at org.testng.remote.RemoteTestNG.initAndRun(RemoteTestNG.java:251)
at org.testng.remote.RemoteTestNG.main(RemoteTestNG.java:77)
]]>
    </error>
  </testcase> <!-- testDragNDropFeatures -->
  <system-out/>
</testsuite> <!-- helper.java.Helperclass -->
