<?xml version="1.0" encoding="UTF-8"?>
<!-- Generated by org.testng.reporters.JUnitReportReporter -->
<testsuite hostname="LAPTOP-HK02CU6G" failures="0" tests="1" name="Actionclass.DropdownHandling" time="25.939" errors="0" timestamp="2022-12-30T22:48:12 IST" skipped="0">
  <testcase classname="Actionclass.DropdownHandling" name="DropdownHandlingf" time="25.939"/>
  <system-out/>
</testsuite> <!-- Actionclass.DropdownHandling -->
