<?xml version="1.0" encoding="UTF-8"?>
<!-- Generated by org.testng.reporters.JUnitReportReporter -->
<testsuite hostname="LAPTOP-HK02CU6G" failures="0" tests="1" name="chrometest.Verifyingrightclickmethod" time="3.127" errors="0" timestamp="2023-01-18T19:10:10 IST" skipped="0">
  <testcase classname="chrometest.Verifyingrightclickmethod" name="Verifyingrightclickmethodf" time="3.127"/>
  <system-out/>
</testsuite> <!-- chrometest.Verifyingrightclickmethod -->
