<?xml version="1.0" encoding="UTF-8"?>
<!-- Generated by org.testng.reporters.JUnitReportReporter -->
<testsuite hostname="LAPTOP-HK02CU6G" failures="0" tests="1" name="Actionclass.Uploadingfile" time="10.817" errors="0" timestamp="2022-12-30T22:49:21 IST" skipped="0">
  <testcase classname="Actionclass.Uploadingfile" name="f" time="10.817"/>
  <system-out/>
</testsuite> <!-- Actionclass.Uploadingfile -->
