<?xml version="1.0" encoding="UTF-8"?>
<!-- Generated by org.testng.reporters.JUnitReportReporter -->
<testsuite hostname="LAPTOP-HK02CU6G" failures="0" tests="1" name="Actionclass.Verifylinksinmenusec" time="7.807" errors="0" timestamp="2022-12-07T18:50:37 IST" skipped="0">
  <testcase classname="Actionclass.Verifylinksinmenusec" name="Verifylinks" time="7.807"/>
  <system-out/>
</testsuite> <!-- Actionclass.Verifylinksinmenusec -->
