<?xml version="1.0" encoding="UTF-8"?>
<!-- Generated by org.testng.reporters.JUnitReportReporter -->
<testsuite hostname="LAPTOP-HK02CU6G" failures="0" tests="1" name="Actionclass.Annotations" time="0.011" errors="0" timestamp="2023-01-17T23:36:15 IST" skipped="0">
  <testcase classname="Actionclass.Annotations" name="f" time="0.011"/>
  <system-out/>
</testsuite> <!-- Actionclass.Annotations -->
