<?xml version="1.0" encoding="UTF-8"?>
<!-- Generated by org.testng.reporters.JUnitReportReporter -->
<testsuite hostname="LAPTOP-HK02CU6G" failures="0" tests="1" name="Actionclass.Verifyheader" time="25.452" errors="0" timestamp="2022-12-13T12:41:36 IST" skipped="0">
  <testcase classname="Actionclass.Verifyheader" name="Verifyheader" time="25.452"/>
  <system-out/>
</testsuite> <!-- Actionclass.Verifyheader -->
