<?xml version="1.0" encoding="UTF-8"?>
<!-- Generated by org.testng.reporters.JUnitReportReporter -->
<testsuite hostname="LAPTOP-HK02CU6G" failures="0" tests="1" name="chrometest.Verifyingkeyboardevents" time="23.365" errors="0" timestamp="2023-01-18T19:10:10 IST" skipped="0">
  <testcase classname="chrometest.Verifyingkeyboardevents" name="Verifying" time="23.365"/>
  <system-out/>
</testsuite> <!-- chrometest.Verifyingkeyboardevents -->
