<?xml version="1.0" encoding="UTF-8"?>
<!-- Generated by org.testng.reporters.JUnitReportReporter -->
<testsuite hostname="LAPTOP-HK02CU6G" failures="0" tests="1" name="Actionclass.VerifyallButtonsEnableAndvisible" time="23.946" errors="0" timestamp="2022-12-13T12:21:12 IST" skipped="0">
  <testcase classname="Actionclass.VerifyallButtonsEnableAndvisible" name="VerifyingButtons" time="23.946"/>
  <system-out/>
</testsuite> <!-- Actionclass.VerifyallButtonsEnableAndvisible -->
