<?xml version="1.0" encoding="UTF-8"?>
<!-- Generated by org.testng.reporters.JUnitReportReporter -->
<testsuite hostname="LAPTOP-HK02CU6G" failures="0" tests="1" name="Actionclass.Verifylinksinmenusection" time="10.139" errors="0" timestamp="2022-12-13T12:27:14 IST" skipped="0">
  <testcase classname="Actionclass.Verifylinksinmenusection" name="Verifylinks" time="10.139"/>
  <system-out/>
</testsuite> <!-- Actionclass.Verifylinksinmenusection -->
