<?xml version="1.0" encoding="UTF-8"?>
<!-- Generated by org.testng.reporters.JUnitReportReporter -->
<testsuite hostname="LAPTOP-HK02CU6G" failures="0" tests="1" name="Actionclass.NewTest" time="0.016" errors="0" timestamp="2022-11-20T14:21:31 IST" skipped="0">
  <testcase classname="Actionclass.NewTest" name="f" time="0.016"/>
  <system-out/>
</testsuite> <!-- Actionclass.NewTest -->
